<?xml version="1.0" encoding="utf-8" standalone="no"?>
<!--This file represents the results of running a test suite-->
<test-results name="G:\CP_lv4\PROG2070_Programming Software Quality\a02\YChoAssignment02\YChoAssignment02.Tests\bin\Debug\YChoAssignment02.Tests.dll" total="8" errors="0" failures="0" not-run="0" inconclusive="0" ignored="0" skipped="0" invalid="0" date="2017-02-23" time="09:55:37">
  <environment nunit-version="2.6.4.14350" clr-version="2.0.50727.5485" os-version="Microsoft Windows NT 6.1.7601 Service Pack 1" platform="Win32NT" cwd="C:\Program Files (x86)\NUnit 2.6.4\bin" machine-name="2A411-D03" user="ycho5551" user-domain="CONESTOGAC" />
  <culture-info current-culture="en-US" current-uiculture="en-US" />
  <test-suite type="Assembly" name="G:\CP_lv4\PROG2070_Programming Software Quality\a02\YChoAssignment02\YChoAssignment02.Tests\bin\Debug\YChoAssignment02.Tests.dll" executed="True" result="Success" success="True" time="0.129" asserts="0">
    <results>
      <test-suite type="Namespace" name="YChoAssignment02" executed="True" result="Success" success="True" time="0.123" asserts="0">
        <results>
          <test-suite type="Namespace" name="Tests" executed="True" result="Success" success="True" time="0.122" asserts="0">
            <results>
              <test-suite type="TestFixture" name="TriangleSolverTest" executed="True" result="Success" success="True" time="0.121" asserts="0">
                <results>
                  <test-suite type="ParameterizedTest" name="AnalyzeTest" executed="True" result="Success" success="True" time="0.117" asserts="0">
                    <results>
                      <test-case name="YChoAssignment02.Tests.TriangleSolverTest.AnalyzeTest(2,2,4,&quot;This is not a triangle.&quot;)" executed="True" result="Success" success="True" time="0.093" asserts="1" />
                      <test-case name="YChoAssignment02.Tests.TriangleSolverTest.AnalyzeTest(5,2,2,&quot;This is not a triangle.&quot;)" executed="True" result="Success" success="True" time="0.000" asserts="1" />
                      <test-case name="YChoAssignment02.Tests.TriangleSolverTest.AnalyzeTest(2,6,4,&quot;This is not a triangle.&quot;)" executed="True" result="Success" success="True" time="0.000" asserts="1" />
                      <test-case name="YChoAssignment02.Tests.TriangleSolverTest.AnalyzeTest(4,2,3,&quot;This is a scalene triangle.&quot;)" executed="True" result="Success" success="True" time="0.000" asserts="1" />
                      <test-case name="YChoAssignment02.Tests.TriangleSolverTest.AnalyzeTest(3,3,4,&quot;This is an isosceles triangle.&quot;)" executed="True" result="Success" success="True" time="0.000" asserts="1" />
                      <test-case name="YChoAssignment02.Tests.TriangleSolverTest.AnalyzeTest(3,4,4,&quot;This is an isosceles triangle.&quot;)" executed="True" result="Success" success="True" time="0.000" asserts="1" />
                      <test-case name="YChoAssignment02.Tests.TriangleSolverTest.AnalyzeTest(4,3,4,&quot;This is an isosceles triangle.&quot;)" executed="True" result="Success" success="True" time="0.000" asserts="1" />
                      <test-case name="YChoAssignment02.Tests.TriangleSolverTest.AnalyzeTest(3,3,3,&quot;This is an equilateral triangle.&quot;)" executed="True" result="Success" success="True" time="0.000" asserts="1" />
                    </results>
                  </test-suite>
                </results>
              </test-suite>
            </results>
          </test-suite>
        </results>
      </test-suite>
    </results>
  </test-suite>
</test-results>