<?xml version="1.0" encoding="utf-8" standalone="no"?>
<!--This file represents the results of running a test suite-->
<test-results name="G:\CP_lv4\PROG2070_Programming Software Quality\a03\YChoAssignment03\ProjectB.Tests\bin\Debug\ProjectB.Tests.dll" total="4" errors="0" failures="0" not-run="0" inconclusive="0" ignored="0" skipped="0" invalid="0" date="2017-03-23" time="15:30:17">
  <environment nunit-version="2.6.4.14350" clr-version="2.0.50727.5485" os-version="Microsoft Windows NT 6.1.7601 Service Pack 1" platform="Win32NT" cwd="C:\Program Files (x86)\NUnit 2.6.4\bin" machine-name="2A211-D04" user="ycho5551" user-domain="CONESTOGAC" />
  <culture-info current-culture="en-US" current-uiculture="en-US" />
  <test-suite type="Assembly" name="G:\CP_lv4\PROG2070_Programming Software Quality\a03\YChoAssignment03\ProjectB.Tests\bin\Debug\ProjectB.Tests.dll" executed="True" result="Success" success="True" time="0.133" asserts="0">
    <results>
      <test-suite type="Namespace" name="ProjectB" executed="True" result="Success" success="True" time="0.126" asserts="0">
        <results>
          <test-suite type="Namespace" name="Tests" executed="True" result="Success" success="True" time="0.126" asserts="0">
            <results>
              <test-suite type="TestFixture" name="TimeConversionBTest" executed="True" result="Success" success="True" time="0.125" asserts="0">
                <results>
                  <test-suite type="ParameterizedTest" name="ConvertAreEqualTest" executed="True" result="Success" success="True" time="0.108" asserts="0">
                    <results>
                      <test-case name="ProjectB.Tests.TimeConversionBTest.ConvertAreEqualTest(1.0d,&quot;hours&quot;,&quot;Seconds&quot;,1)" executed="True" result="Success" success="True" time="0.102" asserts="1" />
                      <test-case name="ProjectB.Tests.TimeConversionBTest.ConvertAreEqualTest(36,&quot;minutes&quot;,&quot;s&quot;,36)" executed="True" result="Success" success="True" time="0.000" asserts="1" />
                    </results>
                  </test-suite>
                  <test-suite type="ParameterizedTest" name="ConvertAreNotEqualTest" executed="True" result="Success" success="True" time="0.005" asserts="0">
                    <results>
                      <test-case name="ProjectB.Tests.TimeConversionBTest.ConvertAreNotEqualTest(1.0d,&quot;Hours&quot;,&quot;Seconds&quot;,3600)" executed="True" result="Success" success="True" time="0.005" asserts="1" />
                    </results>
                  </test-suite>
                  <test-suite type="ParameterizedTest" name="ConvertThrowsExcpetionTest" executed="True" result="Success" success="True" time="0.003" asserts="0">
                    <results>
                      <test-case name="ProjectB.Tests.TimeConversionBTest.ConvertThrowsExcpetionTest(1.0d,&quot;HHH&quot;,&quot;Seconds&quot;,&quot;Incorrect time unit&quot;)" executed="True" result="Success" success="True" time="0.003" asserts="2" />
                    </results>
                  </test-suite>
                </results>
              </test-suite>
            </results>
          </test-suite>
        </results>
      </test-suite>
    </results>
  </test-suite>
</test-results>