<?xml version="1.0" encoding="utf-8" standalone="no"?>
<!--This file represents the results of running a test suite-->
<test-results name="G:\CP_lv4\PROG2070_Programming Software Quality\a03\YChoAssignment03\ProjectC.Tests\bin\Debug\ProjectC.Tests.dll" total="4" errors="0" failures="0" not-run="0" inconclusive="0" ignored="0" skipped="0" invalid="0" date="2017-03-23" time="16:15:14">
  <environment nunit-version="2.6.4.14350" clr-version="2.0.50727.5485" os-version="Microsoft Windows NT 6.1.7601 Service Pack 1" platform="Win32NT" cwd="C:\Program Files (x86)\NUnit 2.6.4\bin" machine-name="2A211-D04" user="ycho5551" user-domain="CONESTOGAC" />
  <culture-info current-culture="en-US" current-uiculture="en-US" />
  <test-suite type="Assembly" name="G:\CP_lv4\PROG2070_Programming Software Quality\a03\YChoAssignment03\ProjectC.Tests\bin\Debug\ProjectC.Tests.dll" executed="True" result="Success" success="True" time="0.143" asserts="0">
    <results>
      <test-suite type="Namespace" name="ProjectC" executed="True" result="Success" success="True" time="0.137" asserts="0">
        <results>
          <test-suite type="Namespace" name="Tests" executed="True" result="Success" success="True" time="0.136" asserts="0">
            <results>
              <test-suite type="TestFixture" name="TimeConversionCTest" executed="True" result="Success" success="True" time="0.135" asserts="0">
                <results>
                  <test-suite type="ParameterizedTest" name="ConvertAreEqualTest" executed="True" result="Success" success="True" time="0.131" asserts="0">
                    <results>
                      <test-case name="ProjectC.Tests.TimeConversionCTest.ConvertAreEqualTest(1.0d,&quot;hours&quot;,&quot;Seconds&quot;,3600)" executed="True" result="Success" success="True" time="0.120" asserts="1" />
                      <test-case name="ProjectC.Tests.TimeConversionCTest.ConvertAreEqualTest(36,&quot;minutes&quot;,&quot;s&quot;,2160)" executed="True" result="Success" success="True" time="0.000" asserts="1" />
                      <test-case name="ProjectC.Tests.TimeConversionCTest.ConvertAreEqualTest(4320,&quot;m&quot;,&quot;Days&quot;,3)" executed="True" result="Success" success="True" time="0.000" asserts="1" />
                      <test-case name="ProjectC.Tests.TimeConversionCTest.ConvertAreEqualTest(7200,&quot;S&quot;,&quot;Hours&quot;,2)" executed="True" result="Success" success="True" time="0.000" asserts="1" />
                    </results>
                  </test-suite>
                </results>
              </test-suite>
            </results>
          </test-suite>
        </results>
      </test-suite>
    </results>
  </test-suite>
</test-results>